<?xml version="1.0" encoding="UTF-8"?>
<testsuite name="com.hackernews.hacker.model.HackerNewsTest" tests="1" skipped="0" failures="0" errors="0" timestamp="2019-11-17T06:55:16" hostname="balamallikarjuna-ThinkPad-E590" time="0.0">
  <properties/>
  <testcase name="testAllArgumentConstructor" classname="com.hackernews.hacker.model.HackerNewsTest" time="0.0"/>
  <system-out><![CDATA[]]></system-out>
  <system-err><![CDATA[]]></system-err>
</testsuite>
